<?xml version="1.0" encoding="UTF-8"?>
<!-- Generated by org.testng.reporters.JUnitXMLReporter -->
<testsuite ignored="0" hostname="DESKTOP-9618V0O" failures="0" tests="2" name="ChromeTest" time="1.29" errors="0" timestamp="2023-02-18T16:53:28 IST">
  <testcase classname="testNG_TestCases.TC01_VerifyProductName_Price_Cart" name="@BeforeTest launchBrowser" time="0.964">
    <failure type="java.lang.IllegalStateException" message="The driver executable does not exist: C:\Users\USER\eclipse-workspace\Amazon_Automate\src\test\resourses\browser\chromedriver.exe">
      <![CDATA[java.lang.IllegalStateException: The driver executable does not exist: C:\Users\USER\eclipse-workspace\Amazon_Automate\src\test\resourses\browser\chromedriver.exe
at com.google.common.base.Preconditions.checkState(Preconditions.java:585)
at org.openqa.selenium.remote.service.DriverService.checkExecutable(DriverService.java:146)
at org.openqa.selenium.remote.service.DriverService.findExecutable(DriverService.java:141)
at org.openqa.selenium.chrome.ChromeDriverService.access$000(ChromeDriverService.java:35)
at org.openqa.selenium.chrome.ChromeDriverService$Builder.findDefaultExecutable(ChromeDriverService.java:159)
at org.openqa.selenium.remote.service.DriverService$Builder.build(DriverService.java:355)
at org.openqa.selenium.chrome.ChromeDriverService.createDefaultService(ChromeDriverService.java:94)
at org.openqa.selenium.chrome.ChromeDriver.<init>(ChromeDriver.java:123)
at base.packag.BrowserSelection.openChromeBrowser(BrowserSelection.java:19)
at testNG_TestCases.TC01_VerifyProductName_Price_Cart.launchBrowser(TC01_VerifyProductName_Price_Cart.java:68)
... Removed 24 stack frames]]>
    </failure>
  </testcase> <!-- @BeforeTest launchBrowser -->
  <testcase classname="testNG_TestCases.TC02_RElogin_verify_productPresentInCart" name="@BeforeTest beforeTest" time="-1.676719408153E9">
    <skipped/>
  </testcase> <!-- @BeforeTest beforeTest -->
  <testcase classname="testNG_TestCases.TC01_VerifyProductName_Price_Cart" name="@BeforeClass beforeclass" time="-1.67671940826E9">
    <skipped/>
  </testcase> <!-- @BeforeClass beforeclass -->
  <testcase classname="testNG_TestCases.TC01_VerifyProductName_Price_Cart" name="@BeforeMethod beforemethod" time="-1.676719408297E9">
    <skipped/>
  </testcase> <!-- @BeforeMethod beforemethod -->
  <testcase classname="testNG_TestCases.TC01_VerifyProductName_Price_Cart" name="@AfterMethod afterMethod" time="-1.676719408328E9">
    <skipped/>
  </testcase> <!-- @AfterMethod afterMethod -->
  <testcase classname="testNG_TestCases.TC01_VerifyProductName_Price_Cart" name="@AfterClass afterClass" time="-1.676719408338E9">
    <skipped/>
  </testcase> <!-- @AfterClass afterClass -->
  <testcase classname="testNG_TestCases.TC02_RElogin_verify_productPresentInCart" name="@BeforeClass beforeclass" time="-1.676719408347E9">
    <skipped/>
  </testcase> <!-- @BeforeClass beforeclass -->
  <testcase classname="testNG_TestCases.TC02_RElogin_verify_productPresentInCart" name="@BeforeMethod beforemethod" time="-1.676719408363E9">
    <skipped/>
  </testcase> <!-- @BeforeMethod beforemethod -->
  <testcase classname="testNG_TestCases.TC02_RElogin_verify_productPresentInCart" name="@AfterMethod afterMethod" time="-1.676719408404E9">
    <skipped/>
  </testcase> <!-- @AfterMethod afterMethod -->
  <testcase classname="testNG_TestCases.TC02_RElogin_verify_productPresentInCart" name="@AfterClass afterClass" time="-1.676719408413E9">
    <skipped/>
  </testcase> <!-- @AfterClass afterClass -->
  <testcase classname="testNG_TestCases.TC01_VerifyProductName_Price_Cart" name="@AfterTest afterTest" time="-1.67671940842E9">
    <skipped/>
  </testcase> <!-- @AfterTest afterTest -->
  <testcase classname="testNG_TestCases.TC02_RElogin_verify_productPresentInCart" name="@AfterTest afterTest" time="-1.676719408425E9">
    <skipped/>
  </testcase> <!-- @AfterTest afterTest -->
  <testcase classname="testNG_TestCases.TC01_VerifyProductName_Price_Cart" name="tc01" time="0.0">
    <skipped/>
  </testcase> <!-- tc01 -->
  <testcase classname="testNG_TestCases.TC02_RElogin_verify_productPresentInCart" name="tc02_verify_ProductName_Prsent_incart" time="0.0">
    <skipped/>
  </testcase> <!-- tc02_verify_ProductName_Prsent_incart -->
</testsuite> <!-- ChromeTest -->
